Applicationcpp.obj : error LNK2019: unresolved external symbol _glfwInit referenced in function _main
Applicationcpp.obj : error LNK2019: unresolved external symbol _glfwTerminate referenced in function _main
Applicationcpp.obj : error LNK2019: unresolved external symbol _glfwCreateWindow referenced in function _main
Applicationcpp.obj : error LNK2019: unresolved external symbol _glfwWindowShouldClose referenced in function _main
Applicationcpp.obj : error LNK2019: unresolved external symbol _glfwPollEvents referenced in function _main
Applicationcpp.obj : error LNK2019: unresolved external symbol _glfwMakeContextCurrent referenced in function _main
Applicationcpp.obj : error LNK2019: unresolved external symbol _glfwSwapBuffers referenced in function _main
C:\Users\Andre\source\repos\OpenGlTutorial\Dependecies\GLFW\lib-vc2019\glfw3.lib : warning LNK4272: library machine type 'x64' conflicts with target machine type 'x86'
C:\Users\Andre\source\repos\OpenGlTutorial\Dependecies\GLFW\lib-vc2019\glfw3_mt.lib : warning LNK4272: library machine type 'x64' conflicts with target machine type 'x86'
C:\Users\Andre\source\repos\OpenGlTutorial\Debug\OpenGlTutorial.exe : fatal error LNK1120: 7 unresolved externals

Project Performance Summary:
      136 ms  C:\Users\Andre\source\repos\OpenGlTutorial\OpenGlTutorial.vcxproj   1 calls
                136 ms  Build                                      1 calls

Target Performance Summary:
        0 ms  _BuildGenerateSourcesAction                1 calls
        0 ms  MakeDirsForMidl                            1 calls
        0 ms  ComputeMIDLGeneratedCompileInputs          1 calls
        0 ms  AfterMidl                                  1 calls
        0 ms  _Midl                                      1 calls
        0 ms  AfterBuildGenerateSources                  1 calls
        0 ms  AfterBuildGenerateSourcesEvent             1 calls
        0 ms  ComputeManifestGeneratedLinkerInputs       1 calls
        0 ms  BuildGenerateSources                       1 calls
        0 ms  BuildCompileTraverse                       1 calls
        0 ms  BeforeClCompile                            1 calls
        0 ms  ComputeCLInputPDBName                      1 calls
        0 ms  FindReferenceAssembliesForReferences       1 calls
        0 ms  GetReferencedVCProjectsInfo                1 calls
        0 ms  ComputeReferenceCLInput                    1 calls
        0 ms  WarnCompileDuplicatedFilename              1 calls
        0 ms  FixupCLCompileOptions                      1 calls
        0 ms  MakeDirsForCl                              1 calls
        0 ms  SelectClCompile                            1 calls
        0 ms  ComputeRCGeneratedLinkInputs               1 calls
        0 ms  AfterClCompile                             1 calls
        0 ms  _ClCompile                                 1 calls
        0 ms  BeforeResourceCompile                      1 calls
        0 ms  AfterResourceCompile                       1 calls
        0 ms  _ResourceCompile                           1 calls
        0 ms  AfterBuildCompileEvent                     1 calls
        0 ms  _BuildCompileAction                        1 calls
        0 ms  BuildCompile                               1 calls
        0 ms  BuildLinkTraverse                          1 calls
        0 ms  ComputeLegacyManifestEmbedding             1 calls
        0 ms  _Xsd                                       1 calls
        0 ms  BeforeLink                                 1 calls
        0 ms  CopyFileToFolders                          1 calls
        0 ms  ComputeCustomBuildOutput                   1 calls
        0 ms  SetTelemetryEnvironmentVariables           1 calls
        0 ms  _PrepareForBuild                           1 calls
        0 ms  PreLinkEvent                               1 calls
        0 ms  BeforeResolveReferences                    1 calls
        0 ms  AssignProjectConfiguration                 1 calls
        0 ms  _SplitProjectReferencesByFileExistence     1 calls
        0 ms  _AddOutputPathToGlobalPropertiesToRemove   1 calls
        0 ms  DoLinkOutputFilesMatch                     1 calls
        0 ms  PrepareProjectReferences                   1 calls
        0 ms  ResolveProjectReferences                   1 calls
        0 ms  MakeDirsForLink                            1 calls
        0 ms  GetReferenceAssemblyPaths                  1 calls
        0 ms  AddExternalIncludDirectoriesToPaths        1 calls
        0 ms  ComputeCLOutputs                           1 calls
        0 ms  PrepareResourceNames                       1 calls
        0 ms  _CheckWindowsSDKInstalled                  1 calls
        0 ms  SelectCustomBuild                          1 calls
        0 ms  _SelectedFiles                             1 calls
        0 ms  ComputeCLGeneratedLinkInputs               1 calls
        0 ms  BeforeBuildGenerateSources                 1 calls
        0 ms  BuildGenerateSourcesTraverse               1 calls
        0 ms  ComputeManifestInputsTargets               1 calls
        0 ms  GetResolvedWinMD                           1 calls
        0 ms  ResolveReferences                          1 calls
        0 ms  AfterResolveReferences                     1 calls
        0 ms  AssignTargetPaths                          1 calls
        0 ms  ExpandSDKReferences                        1 calls
        0 ms  ResolveSDKReferences                       1 calls
        0 ms  CreateCustomManifestResourceNames          1 calls
        0 ms  SetCABuildNativeEnvironmentVariables       1 calls
        0 ms  ComputeRCOutputs                           1 calls
        1 ms  MakeDirsForResourceCompile                 1 calls
        1 ms  _CheckForInvalidConfigurationAndPlatform   1 calls
        1 ms  InitializeBuildStatus                      1 calls
        1 ms  SetBuildDefaultEnvironmentVariables        1 calls
        1 ms  ComputeLinkInputsFromProject               1 calls
        1 ms  _PrepareForReferenceResolution             1 calls
        1 ms  ResolveAssemblyReferences                  1 calls
        1 ms  SplitResourcesByCulture                    1 calls
        1 ms  ComputeLinkSwitches                        1 calls
        1 ms  CustomBuild                                1 calls
        1 ms  PreBuildEvent                              1 calls
        1 ms  GetFrameworkPaths                          1 calls
        2 ms  _GetProjectReferenceTargetFrameworkProperties   1 calls
        2 ms  PrepareForBuild                            1 calls
       11 ms  ClCompile                                  1 calls
      108 ms  Link                                       1 calls

Task Performance Summary:
        0 ms  Message                                    2 calls
        0 ms  AssignProjectConfiguration                 1 calls
        0 ms  MSBuild                                    1 calls
        0 ms  CheckVCToolsetVersion                      1 calls
        0 ms  ReadLinesFromFile                          1 calls
        0 ms  Touch                                      1 calls
        0 ms  GetOutOfDateItems                          3 calls
        0 ms  AssignTargetPath                           4 calls
        0 ms  AssignCulture                              1 calls
        1 ms  WriteLinesToFile                           1 calls
        1 ms  SetEnv                                     9 calls
        2 ms  MakeDir                                    7 calls
       10 ms  CL                                         1 calls
      108 ms  Link                                       1 calls
