c:\users\andre\source\repos\opengltutorial\x64\debug\opengltutorial.pch
c:\users\andre\source\repos\opengltutorial\x64\debug\vc143.pdb
c:\users\andre\source\repos\opengltutorial\x64\debug\vc143.idb
c:\users\andre\source\repos\opengltutorial\x64\debug\pch.obj
c:\users\andre\source\repos\opengltutorial\x64\debug\vertexbufferlayout.obj
c:\users\andre\source\repos\opengltutorial\x64\debug\vertexarray.obj
c:\users\andre\source\repos\opengltutorial\x64\debug\vertexbuffer.obj
c:\users\andre\source\repos\opengltutorial\x64\debug\renderer.obj
c:\users\andre\source\repos\opengltutorial\x64\debug\applicationcpp.obj
c:\users\andre\source\repos\opengltutorial\x64\debug\indexbuffer.obj
c:\users\andre\source\repos\opengltutorial\x64\debug\shader.obj
c:\users\andre\source\repos\opengltutorial\x64\debug\opengltutorial.ilk
c:\users\andre\source\repos\opengltutorial\x64\debug\opengltutorial.exe
c:\users\andre\source\repos\opengltutorial\x64\debug\opengltutorial.pdb
c:\users\andre\source\repos\opengltutorial\x64\debug\opengltutorial.tlog\cl.command.1.tlog
c:\users\andre\source\repos\opengltutorial\x64\debug\opengltutorial.tlog\cl.read.1.tlog
c:\users\andre\source\repos\opengltutorial\x64\debug\opengltutorial.tlog\cl.write.1.tlog
c:\users\andre\source\repos\opengltutorial\x64\debug\opengltutorial.tlog\link.command.1.tlog
c:\users\andre\source\repos\opengltutorial\x64\debug\opengltutorial.tlog\link.read.1.tlog
c:\users\andre\source\repos\opengltutorial\x64\debug\opengltutorial.tlog\link.write.1.tlog
